DEBUG 2021-Oct-19 17:03:35 schema process:185079 line:136 CREATE TABLE "django_migrations" ("id" integer NOT NULL PRIMARY KEY AUTOINCREMENT, "app" varchar(255) NOT NULL, "name" varchar(255) NOT NULL, "applied" datetime NOT NULL); (params None)
DEBUG 2021-Oct-19 17:03:35 schema process:185079 line:136 CREATE TABLE "django_content_type" ("id" integer NOT NULL PRIMARY KEY AUTOINCREMENT, "name" varchar(100) NOT NULL, "app_label" varchar(100) NOT NULL, "model" varchar(100) NOT NULL); (params None)
DEBUG 2021-Oct-19 17:03:35 schema process:185079 line:136 CREATE UNIQUE INDEX "django_content_type_app_label_model_76bd3d3b_uniq" ON "django_content_type" ("app_label", "model"); (params ())
DEBUG 2021-Oct-19 17:03:35 schema process:185079 line:136 CREATE TABLE "new__django_content_type" ("id" integer NOT NULL PRIMARY KEY AUTOINCREMENT, "app_label" varchar(100) NOT NULL, "model" varchar(100) NOT NULL, "name" varchar(100) NULL); (params None)
DEBUG 2021-Oct-19 17:03:35 schema process:185079 line:136 INSERT INTO "new__django_content_type" ("id", "app_label", "model", "name") SELECT "id", "app_label", "model", "name" FROM "django_content_type"; (params ())
DEBUG 2021-Oct-19 17:03:35 schema process:185079 line:136 DROP TABLE "django_content_type"; (params ())
DEBUG 2021-Oct-19 17:03:35 schema process:185079 line:136 ALTER TABLE "new__django_content_type" RENAME TO "django_content_type"; (params ())
DEBUG 2021-Oct-19 17:03:35 schema process:185079 line:136 CREATE UNIQUE INDEX "django_content_type_app_label_model_76bd3d3b_uniq" ON "django_content_type" ("app_label", "model"); (params ())
DEBUG 2021-Oct-19 17:03:35 schema process:185079 line:136 CREATE TABLE "new__django_content_type" ("id" integer NOT NULL PRIMARY KEY AUTOINCREMENT, "app_label" varchar(100) NOT NULL, "model" varchar(100) NOT NULL); (params None)
DEBUG 2021-Oct-19 17:03:35 schema process:185079 line:136 INSERT INTO "new__django_content_type" ("id", "app_label", "model") SELECT "id", "app_label", "model" FROM "django_content_type"; (params ())
DEBUG 2021-Oct-19 17:03:35 schema process:185079 line:136 DROP TABLE "django_content_type"; (params ())
DEBUG 2021-Oct-19 17:03:35 schema process:185079 line:136 ALTER TABLE "new__django_content_type" RENAME TO "django_content_type"; (params ())
DEBUG 2021-Oct-19 17:03:35 schema process:185079 line:136 CREATE UNIQUE INDEX "django_content_type_app_label_model_76bd3d3b_uniq" ON "django_content_type" ("app_label", "model"); (params ())
DEBUG 2021-Oct-19 17:03:35 schema process:185079 line:136 CREATE TABLE "auth_permission" ("id" integer NOT NULL PRIMARY KEY AUTOINCREMENT, "name" varchar(50) NOT NULL, "content_type_id" integer NOT NULL REFERENCES "django_content_type" ("id") DEFERRABLE INITIALLY DEFERRED, "codename" varchar(100) NOT NULL); (params None)
DEBUG 2021-Oct-19 17:03:35 schema process:185079 line:136 CREATE TABLE "auth_group" ("id" integer NOT NULL PRIMARY KEY AUTOINCREMENT, "name" varchar(80) NOT NULL UNIQUE); (params None)
DEBUG 2021-Oct-19 17:03:35 schema process:185079 line:136 CREATE TABLE "auth_group_permissions" ("id" integer NOT NULL PRIMARY KEY AUTOINCREMENT, "group_id" integer NOT NULL REFERENCES "auth_group" ("id") DEFERRABLE INITIALLY DEFERRED, "permission_id" integer NOT NULL REFERENCES "auth_permission" ("id") DEFERRABLE INITIALLY DEFERRED); (params None)
DEBUG 2021-Oct-19 17:03:35 schema process:185079 line:136 CREATE UNIQUE INDEX "auth_permission_content_type_id_codename_01ab375a_uniq" ON "auth_permission" ("content_type_id", "codename"); (params ())
DEBUG 2021-Oct-19 17:03:35 schema process:185079 line:136 CREATE INDEX "auth_permission_content_type_id_2f476e4b" ON "auth_permission" ("content_type_id"); (params ())
DEBUG 2021-Oct-19 17:03:35 schema process:185079 line:136 CREATE UNIQUE INDEX "auth_group_permissions_group_id_permission_id_0cd325b0_uniq" ON "auth_group_permissions" ("group_id", "permission_id"); (params ())
DEBUG 2021-Oct-19 17:03:35 schema process:185079 line:136 CREATE INDEX "auth_group_permissions_group_id_b120cbf9" ON "auth_group_permissions" ("group_id"); (params ())
DEBUG 2021-Oct-19 17:03:35 schema process:185079 line:136 CREATE INDEX "auth_group_permissions_permission_id_84c5c92e" ON "auth_group_permissions" ("permission_id"); (params ())
DEBUG 2021-Oct-19 17:03:35 schema process:185079 line:136 CREATE TABLE "new__auth_permission" ("id" integer NOT NULL PRIMARY KEY AUTOINCREMENT, "content_type_id" integer NOT NULL REFERENCES "django_content_type" ("id") DEFERRABLE INITIALLY DEFERRED, "codename" varchar(100) NOT NULL, "name" varchar(255) NOT NULL); (params None)
DEBUG 2021-Oct-19 17:03:35 schema process:185079 line:136 INSERT INTO "new__auth_permission" ("id", "content_type_id", "codename", "name") SELECT "id", "content_type_id", "codename", "name" FROM "auth_permission"; (params ())
DEBUG 2021-Oct-19 17:03:35 schema process:185079 line:136 DROP TABLE "auth_permission"; (params ())
DEBUG 2021-Oct-19 17:03:35 schema process:185079 line:136 ALTER TABLE "new__auth_permission" RENAME TO "auth_permission"; (params ())
DEBUG 2021-Oct-19 17:03:35 schema process:185079 line:136 CREATE UNIQUE INDEX "auth_permission_content_type_id_codename_01ab375a_uniq" ON "auth_permission" ("content_type_id", "codename"); (params ())
DEBUG 2021-Oct-19 17:03:35 schema process:185079 line:136 CREATE INDEX "auth_permission_content_type_id_2f476e4b" ON "auth_permission" ("content_type_id"); (params ())
DEBUG 2021-Oct-19 17:03:35 schema process:185079 line:136 CREATE TABLE "new__auth_group" ("id" integer NOT NULL PRIMARY KEY AUTOINCREMENT, "name" varchar(150) NOT NULL UNIQUE); (params None)
DEBUG 2021-Oct-19 17:03:35 schema process:185079 line:136 INSERT INTO "new__auth_group" ("id", "name") SELECT "id", "name" FROM "auth_group"; (params ())
DEBUG 2021-Oct-19 17:03:35 schema process:185079 line:136 DROP TABLE "auth_group"; (params ())
DEBUG 2021-Oct-19 17:03:35 schema process:185079 line:136 ALTER TABLE "new__auth_group" RENAME TO "auth_group"; (params ())
DEBUG 2021-Oct-19 17:03:35 schema process:185079 line:136 CREATE TABLE "user" ("id" integer NOT NULL PRIMARY KEY AUTOINCREMENT, "password" varchar(128) NOT NULL, "last_login" datetime NULL, "is_superuser" bool NOT NULL, "username" varchar(150) NOT NULL UNIQUE, "first_name" varchar(150) NOT NULL, "last_name" varchar(150) NOT NULL, "is_staff" bool NOT NULL, "is_active" bool NOT NULL, "date_joined" datetime NOT NULL, "email" varchar(255) NOT NULL UNIQUE, "updated_at" datetime NOT NULL); (params None)
DEBUG 2021-Oct-19 17:03:35 schema process:185079 line:136 CREATE TABLE "user_groups" ("id" integer NOT NULL PRIMARY KEY AUTOINCREMENT, "user_id" bigint NOT NULL REFERENCES "user" ("id") DEFERRABLE INITIALLY DEFERRED, "group_id" integer NOT NULL REFERENCES "auth_group" ("id") DEFERRABLE INITIALLY DEFERRED); (params None)
DEBUG 2021-Oct-19 17:03:35 schema process:185079 line:136 CREATE TABLE "user_user_permissions" ("id" integer NOT NULL PRIMARY KEY AUTOINCREMENT, "user_id" bigint NOT NULL REFERENCES "user" ("id") DEFERRABLE INITIALLY DEFERRED, "permission_id" integer NOT NULL REFERENCES "auth_permission" ("id") DEFERRABLE INITIALLY DEFERRED); (params None)
DEBUG 2021-Oct-19 17:03:35 schema process:185079 line:136 CREATE TABLE "usage_type" ("id" integer NOT NULL PRIMARY KEY AUTOINCREMENT, "name" varchar(50) NOT NULL, "unit" varchar(10) NOT NULL, "factor" real NOT NULL); (params None)
DEBUG 2021-Oct-19 17:03:35 schema process:185079 line:136 CREATE TABLE "usage" ("id" integer NOT NULL PRIMARY KEY AUTOINCREMENT, "usage_at" datetime NOT NULL, "amount" real NOT NULL, "usage_type_id" bigint NOT NULL REFERENCES "usage_type" ("id") DEFERRABLE INITIALLY DEFERRED, "user_id" bigint NOT NULL REFERENCES "user" ("id") DEFERRABLE INITIALLY DEFERRED); (params None)
DEBUG 2021-Oct-19 17:03:35 schema process:185079 line:136 CREATE UNIQUE INDEX "user_groups_user_id_group_id_40beef00_uniq" ON "user_groups" ("user_id", "group_id"); (params ())
DEBUG 2021-Oct-19 17:03:35 schema process:185079 line:136 CREATE INDEX "user_groups_user_id_abaea130" ON "user_groups" ("user_id"); (params ())
DEBUG 2021-Oct-19 17:03:35 schema process:185079 line:136 CREATE INDEX "user_groups_group_id_b76f8aba" ON "user_groups" ("group_id"); (params ())
DEBUG 2021-Oct-19 17:03:35 schema process:185079 line:136 CREATE UNIQUE INDEX "user_user_permissions_user_id_permission_id_7dc6e2e0_uniq" ON "user_user_permissions" ("user_id", "permission_id"); (params ())
DEBUG 2021-Oct-19 17:03:35 schema process:185079 line:136 CREATE INDEX "user_user_permissions_user_id_ed4a47ea" ON "user_user_permissions" ("user_id"); (params ())
DEBUG 2021-Oct-19 17:03:35 schema process:185079 line:136 CREATE INDEX "user_user_permissions_permission_id_9deb68a3" ON "user_user_permissions" ("permission_id"); (params ())
DEBUG 2021-Oct-19 17:03:35 schema process:185079 line:136 CREATE INDEX "usage_usage_type_id_d8ca0cf1" ON "usage" ("usage_type_id"); (params ())
DEBUG 2021-Oct-19 17:03:35 schema process:185079 line:136 CREATE INDEX "usage_user_id_4b0190b0" ON "usage" ("user_id"); (params ())
DEBUG 2021-Oct-19 17:03:35 schema process:185079 line:136 CREATE TABLE "django_admin_log" ("id" integer NOT NULL PRIMARY KEY AUTOINCREMENT, "action_time" datetime NOT NULL, "object_id" text NULL, "object_repr" varchar(200) NOT NULL, "action_flag" smallint unsigned NOT NULL CHECK ("action_flag" >= 0), "change_message" text NOT NULL, "content_type_id" integer NULL REFERENCES "django_content_type" ("id") DEFERRABLE INITIALLY DEFERRED, "user_id" bigint NOT NULL REFERENCES "user" ("id") DEFERRABLE INITIALLY DEFERRED); (params None)
DEBUG 2021-Oct-19 17:03:35 schema process:185079 line:136 CREATE INDEX "django_admin_log_content_type_id_c4bce8eb" ON "django_admin_log" ("content_type_id"); (params ())
DEBUG 2021-Oct-19 17:03:35 schema process:185079 line:136 CREATE INDEX "django_admin_log_user_id_c564eba6" ON "django_admin_log" ("user_id"); (params ())
DEBUG 2021-Oct-19 17:03:35 schema process:185079 line:136 CREATE TABLE "new__django_admin_log" ("id" integer NOT NULL PRIMARY KEY AUTOINCREMENT, "object_id" text NULL, "object_repr" varchar(200) NOT NULL, "action_flag" smallint unsigned NOT NULL CHECK ("action_flag" >= 0), "change_message" text NOT NULL, "content_type_id" integer NULL REFERENCES "django_content_type" ("id") DEFERRABLE INITIALLY DEFERRED, "user_id" bigint NOT NULL REFERENCES "user" ("id") DEFERRABLE INITIALLY DEFERRED, "action_time" datetime NOT NULL); (params None)
DEBUG 2021-Oct-19 17:03:35 schema process:185079 line:136 INSERT INTO "new__django_admin_log" ("id", "object_id", "object_repr", "action_flag", "change_message", "content_type_id", "user_id", "action_time") SELECT "id", "object_id", "object_repr", "action_flag", "change_message", "content_type_id", "user_id", "action_time" FROM "django_admin_log"; (params ())
DEBUG 2021-Oct-19 17:03:35 schema process:185079 line:136 DROP TABLE "django_admin_log"; (params ())
DEBUG 2021-Oct-19 17:03:35 schema process:185079 line:136 ALTER TABLE "new__django_admin_log" RENAME TO "django_admin_log"; (params ())
DEBUG 2021-Oct-19 17:03:35 schema process:185079 line:136 CREATE INDEX "django_admin_log_content_type_id_c4bce8eb" ON "django_admin_log" ("content_type_id"); (params ())
DEBUG 2021-Oct-19 17:03:35 schema process:185079 line:136 CREATE INDEX "django_admin_log_user_id_c564eba6" ON "django_admin_log" ("user_id"); (params ())
DEBUG 2021-Oct-19 17:03:35 schema process:185079 line:136 CREATE TABLE "new__django_admin_log" ("id" integer NOT NULL PRIMARY KEY AUTOINCREMENT, "action_time" datetime NOT NULL, "object_id" text NULL, "object_repr" varchar(200) NOT NULL, "change_message" text NOT NULL, "content_type_id" integer NULL REFERENCES "django_content_type" ("id") DEFERRABLE INITIALLY DEFERRED, "user_id" bigint NOT NULL REFERENCES "user" ("id") DEFERRABLE INITIALLY DEFERRED, "action_flag" smallint unsigned NOT NULL CHECK ("action_flag" >= 0)); (params None)
DEBUG 2021-Oct-19 17:03:35 schema process:185079 line:136 INSERT INTO "new__django_admin_log" ("id", "action_time", "object_id", "object_repr", "change_message", "content_type_id", "user_id", "action_flag") SELECT "id", "action_time", "object_id", "object_repr", "change_message", "content_type_id", "user_id", "action_flag" FROM "django_admin_log"; (params ())
DEBUG 2021-Oct-19 17:03:35 schema process:185079 line:136 DROP TABLE "django_admin_log"; (params ())
DEBUG 2021-Oct-19 17:03:35 schema process:185079 line:136 ALTER TABLE "new__django_admin_log" RENAME TO "django_admin_log"; (params ())
DEBUG 2021-Oct-19 17:03:35 schema process:185079 line:136 CREATE INDEX "django_admin_log_content_type_id_c4bce8eb" ON "django_admin_log" ("content_type_id"); (params ())
DEBUG 2021-Oct-19 17:03:35 schema process:185079 line:136 CREATE INDEX "django_admin_log_user_id_c564eba6" ON "django_admin_log" ("user_id"); (params ())
DEBUG 2021-Oct-19 17:03:35 schema process:185079 line:136 CREATE TABLE "django_session" ("session_key" varchar(40) NOT NULL PRIMARY KEY, "session_data" text NOT NULL, "expire_date" datetime NOT NULL); (params None)
DEBUG 2021-Oct-19 17:03:35 schema process:185079 line:136 CREATE INDEX "django_session_expire_date_a5c62663" ON "django_session" ("expire_date"); (params ())
WARNING 2021-Oct-19 17:03:36 log process:185079 line:224 Bad Request: /v1/usages
WARNING 2021-Oct-19 17:03:36 log process:185079 line:224 Bad Request: /v1/usages
WARNING 2021-Oct-19 17:03:36 log process:185079 line:224 Bad Request: /v1/usages
WARNING 2021-Oct-19 17:03:37 log process:185079 line:224 Bad Request: /v1/login
WARNING 2021-Oct-19 17:03:37 log process:185079 line:224 Bad Request: /v1/login
WARNING 2021-Oct-19 17:03:37 log process:185079 line:224 Unauthorized: /v1/login
WARNING 2021-Oct-19 17:03:37 log process:185079 line:224 Unauthorized: /v1/login
